[debug] [2025-07-10T03:30:00.065Z] ----------------------------------------------------------------------
[debug] [2025-07-10T03:30:00.069Z] Command:       /nix/store/rbdrkcs5kkwpalxcd7c6bnm33lk2955n-nodejs-20.19.0/bin/node /nix/store/fprgfkwna33crhc86jqbf5878piivvgw-firebase-tools-14.7.0/lib/node_modules/firebase-tools/lib/bin/firebase.js deploy --only functions
[debug] [2025-07-10T03:30:00.070Z] CLI Version:   14.7.0
[debug] [2025-07-10T03:30:00.070Z] Platform:      linux
[debug] [2025-07-10T03:30:00.071Z] Node Version:  v20.19.0
[debug] [2025-07-10T03:30:00.071Z] Time:          Thu Jul 10 2025 03:30:00 GMT+0000 (Coordinated Universal Time)
[debug] [2025-07-10T03:30:00.071Z] ----------------------------------------------------------------------
[debug] 
[debug] [2025-07-10T03:30:00.761Z] > command requires scopes: ["email","openid","https://www.googleapis.com/auth/cloudplatformprojects.readonly","https://www.googleapis.com/auth/firebase","https://www.googleapis.com/auth/cloud-platform"]
[debug] [2025-07-10T03:30:08.797Z] Running auto auth
[debug] [2025-07-10T03:30:08.821Z] [iam] checking project ryfi-mailflow for permissions ["cloudfunctions.functions.create","cloudfunctions.functions.delete","cloudfunctions.functions.get","cloudfunctions.functions.list","cloudfunctions.functions.update","cloudfunctions.operations.get","firebase.projects.get"]
[debug] [2025-07-10T03:30:08.824Z] No OAuth tokens found
[debug] [2025-07-10T03:30:08.828Z] >>> [apiv2][query] POST https://cloudresourcemanager.googleapis.com/v1/projects/ryfi-mailflow:testIamPermissions [none]
[debug] [2025-07-10T03:30:08.828Z] >>> [apiv2][(partial)header] POST https://cloudresourcemanager.googleapis.com/v1/projects/ryfi-mailflow:testIamPermissions x-goog-quota-user=projects/ryfi-mailflow
[debug] [2025-07-10T03:30:08.829Z] >>> [apiv2][body] POST https://cloudresourcemanager.googleapis.com/v1/projects/ryfi-mailflow:testIamPermissions {"permissions":["cloudfunctions.functions.create","cloudfunctions.functions.delete","cloudfunctions.functions.get","cloudfunctions.functions.list","cloudfunctions.functions.update","cloudfunctions.operations.get","firebase.projects.get"]}
[debug] [2025-07-10T03:30:08.947Z] <<< [apiv2][status] POST https://cloudresourcemanager.googleapis.com/v1/projects/ryfi-mailflow:testIamPermissions 200
[debug] [2025-07-10T03:30:08.948Z] <<< [apiv2][body] POST https://cloudresourcemanager.googleapis.com/v1/projects/ryfi-mailflow:testIamPermissions {"permissions":["cloudfunctions.functions.create","cloudfunctions.functions.delete","cloudfunctions.functions.get","cloudfunctions.functions.list","cloudfunctions.functions.update","cloudfunctions.operations.get","firebase.projects.get"]}
[debug] [2025-07-10T03:30:08.949Z] No OAuth tokens found
[debug] [2025-07-10T03:30:08.950Z] >>> [apiv2][query] POST https://iam.googleapis.com/v1/projects/ryfi-mailflow/serviceAccounts/ryfi-mailflow@appspot.gserviceaccount.com:testIamPermissions [none]
[debug] [2025-07-10T03:30:08.950Z] >>> [apiv2][body] POST https://iam.googleapis.com/v1/projects/ryfi-mailflow/serviceAccounts/ryfi-mailflow@appspot.gserviceaccount.com:testIamPermissions {"permissions":["iam.serviceAccounts.actAs"]}
[debug] [2025-07-10T03:30:09.231Z] <<< [apiv2][status] POST https://iam.googleapis.com/v1/projects/ryfi-mailflow/serviceAccounts/ryfi-mailflow@appspot.gserviceaccount.com:testIamPermissions 200
[debug] [2025-07-10T03:30:09.231Z] <<< [apiv2][body] POST https://iam.googleapis.com/v1/projects/ryfi-mailflow/serviceAccounts/ryfi-mailflow@appspot.gserviceaccount.com:testIamPermissions {"permissions":["iam.serviceAccounts.actAs"]}
[info] 
[info] === Deploying to 'ryfi-mailflow'...
[info] 
[info] i  deploying functions 
[info] Running command: npm --prefix "$RESOURCE_DIR" run build
